2024-12-12 16:26:34 DEBUG o.s.b.a.ApplicationAvailabilityBean - Application availability state ReadinessState changed from ACCEPTING_TRAFFIC to REFUSING_TRAFFIC
2024-12-12 16:26:34 DEBUG o.s.b.w.s.c.AnnotationConfigServletWebServerApplicationContext - Closing org.springframework.boot.web.servlet.context.AnnotationConfigServletWebServerApplicationContext@54965ba9, started on Thu Dec 12 16:17:00 IST 2024
2024-12-12 16:26:34 DEBUG o.s.c.s.DefaultLifecycleProcessor - Stopping beans in phase 2147483647
2024-12-12 16:26:34 DEBUG o.s.c.s.DefaultLifecycleProcessor - Bean 'applicationTaskExecutor' completed its stop procedure
2024-12-12 16:26:34 DEBUG o.s.c.s.DefaultLifecycleProcessor - Stopping beans in phase 2147482623
2024-12-12 16:26:34 DEBUG o.s.c.s.DefaultLifecycleProcessor - Bean 'webServerGracefulShutdown' completed its stop procedure
2024-12-12 16:26:34 DEBUG o.s.c.s.DefaultLifecycleProcessor - Stopping beans in phase 2147481599
2024-12-12 16:26:34 DEBUG o.s.c.s.DefaultLifecycleProcessor - Bean 'webServerStartStop' completed its stop procedure
2024-12-12 16:26:34 DEBUG o.s.c.s.DefaultLifecycleProcessor - Stopping beans in phase -2147483647
2024-12-12 16:26:34 DEBUG o.s.c.s.DefaultLifecycleProcessor - Bean 'springBootLoggingLifecycle' completed its stop procedure
2024-12-12 16:26:34 DEBUG o.s.s.c.ThreadPoolTaskExecutor - Shutting down ExecutorService 'applicationTaskExecutor'
2024-12-12 16:26:34 INFO  o.s.o.j.LocalContainerEntityManagerFactoryBean - Closing JPA EntityManagerFactory for persistence unit 'default'
2024-12-12 16:26:34 DEBUG o.h.i.SessionFactoryImpl - HHH000031: Closing
2024-12-12 16:26:34 DEBUG o.h.t.s.TypeConfiguration$Scope - Un-scoping TypeConfiguration [org.hibernate.type.spi.TypeConfiguration$Scope@154ce7a8] from SessionFactory [org.hibernate.internal.SessionFactoryImpl@3f5c9aae]
2024-12-12 16:26:34 DEBUG o.h.s.i.AbstractServiceRegistryImpl - Implicitly destroying ServiceRegistry on de-registration of all child ServiceRegistries
2024-12-12 16:26:34 DEBUG o.h.b.r.i.BootstrapServiceRegistryImpl - Implicitly destroying Boot-strap registry on de-registration of all child ServiceRegistries
2024-12-12 16:26:34 INFO  c.z.h.HikariDataSource - HikariPool-1 - Shutdown initiated...
2024-12-12 16:26:34 DEBUG c.z.h.p.HikariPool - HikariPool-1 - Before shutdown stats (total=10, active=0, idle=10, waiting=0)
2024-12-12 16:26:34 DEBUG c.z.h.p.PoolBase - HikariPool-1 - Closing connection com.mysql.cj.jdbc.ConnectionImpl@770ae4f9: (connection evicted)
2024-12-12 16:26:34 DEBUG c.z.h.p.PoolBase - HikariPool-1 - Closing connection com.mysql.cj.jdbc.ConnectionImpl@11d14b04: (connection evicted)
2024-12-12 16:26:34 DEBUG c.z.h.p.PoolBase - HikariPool-1 - Closing connection com.mysql.cj.jdbc.ConnectionImpl@50ec413f: (connection evicted)
2024-12-12 16:26:34 DEBUG c.z.h.p.PoolBase - HikariPool-1 - Closing connection com.mysql.cj.jdbc.ConnectionImpl@61761281: (connection evicted)
2024-12-12 16:26:34 DEBUG c.z.h.p.PoolBase - HikariPool-1 - Closing connection com.mysql.cj.jdbc.ConnectionImpl@30c3be70: (connection evicted)
2024-12-12 16:26:34 DEBUG c.z.h.p.PoolBase - HikariPool-1 - Closing connection com.mysql.cj.jdbc.ConnectionImpl@348de202: (connection evicted)
2024-12-12 16:26:34 DEBUG c.z.h.p.PoolBase - HikariPool-1 - Closing connection com.mysql.cj.jdbc.ConnectionImpl@7a59dff0: (connection evicted)
2024-12-12 16:26:34 DEBUG c.z.h.p.PoolBase - HikariPool-1 - Closing connection com.mysql.cj.jdbc.ConnectionImpl@3f6ad7bf: (connection evicted)
2024-12-12 16:26:34 DEBUG c.z.h.p.PoolBase - HikariPool-1 - Closing connection com.mysql.cj.jdbc.ConnectionImpl@f5270a5: (connection evicted)
2024-12-12 16:26:34 DEBUG c.z.h.p.PoolBase - HikariPool-1 - Closing connection com.mysql.cj.jdbc.ConnectionImpl@6767663a: (connection evicted)
2024-12-12 16:26:34 DEBUG c.z.h.p.HikariPool - HikariPool-1 - After shutdown stats (total=0, active=0, idle=0, waiting=0)
2024-12-12 16:26:34 INFO  c.z.h.HikariDataSource - HikariPool-1 - Shutdown completed.
2024-12-12 16:26:34 DEBUG o.s.b.f.s.DisposableBeanAdapter - Custom destroy method 'close' on bean with name 'simpleMeterRegistry' completed
